
*** Running xst
    with args -ifn "mojo_top_0.xst" -ofn "mojo_top_0.srp" -intstyle ise

Reading design: mojo_top_0.prj

=========================================================================
*                          HDL Parsing                                  *
=========================================================================
Analyzing Verilog file "H:/Documents/alu_v2/work/planAhead/alu/alu.srcs/sources_1/imports/verilog/shifter_3.v" into library work
Parsing module <shifter_3>.
Analyzing Verilog file "H:/Documents/alu_v2/work/planAhead/alu/alu.srcs/sources_1/imports/verilog/compare_6.v" into library work
Parsing module <compare_6>.
Analyzing Verilog file "H:/Documents/alu_v2/work/planAhead/alu/alu.srcs/sources_1/imports/verilog/boole_5.v" into library work
Parsing module <boole_5>.
Analyzing Verilog file "H:/Documents/alu_v2/work/planAhead/alu/alu.srcs/sources_1/imports/verilog/adder_4.v" into library work
Parsing module <adder_4>.
Analyzing Verilog file "H:/Documents/alu_v2/work/planAhead/alu/alu.srcs/sources_1/imports/verilog/reset_conditioner_1.v" into library work
Parsing module <reset_conditioner_1>.
Analyzing Verilog file "H:/Documents/alu_v2/work/planAhead/alu/alu.srcs/sources_1/imports/verilog/alu_2.v" into library work
Parsing module <alu_2>.
Analyzing Verilog file "H:/Documents/alu_v2/work/planAhead/alu/alu.srcs/sources_1/imports/verilog/mojo_top_0.v" into library work
Parsing module <mojo_top_0>.

=========================================================================
*                            HDL Elaboration                            *
=========================================================================

Elaborating module <mojo_top_0>.

Elaborating module <reset_conditioner_1>.

Elaborating module <alu_2>.

Elaborating module <shifter_3>.

Elaborating module <adder_4>.
WARNING:HDLCompiler:1127 - "H:/Documents/alu_v2/work/planAhead/alu/alu.srcs/sources_1/imports/verilog/adder_4.v" Line 23: Assignment to sum1 ignored, since the identifier is never used

Elaborating module <boole_5>.

Elaborating module <compare_6>.
WARNING:HDLCompiler:1127 - "H:/Documents/alu_v2/work/planAhead/alu/alu.srcs/sources_1/imports/verilog/mojo_top_0.v" Line 64: Assignment to rst ignored, since the identifier is never used
WARNING:Xst:2972 - "H:/Documents/alu_v2/work/planAhead/alu/alu.srcs/sources_1/imports/verilog/mojo_top_0.v" line 41. All outputs of instance <reset_cond> of block <reset_conditioner_1> are unconnected in block <mojo_top_0>. Underlying logic will be removed.

=========================================================================
*                           HDL Synthesis                               *
=========================================================================

Synthesizing Unit <mojo_top_0>.
    Related source file is "H:/Documents/alu_v2/work/planAhead/alu/alu.srcs/sources_1/imports/verilog/mojo_top_0.v".
WARNING:Xst:647 - Input <io_dip<23:22>> is never used. This port will be preserved and left unconnected if it belongs to a top-level block or it belongs to a sub-block and the hierarchy of this sub-block is preserved.
WARNING:Xst:647 - Input <io_button> is never used. This port will be preserved and left unconnected if it belongs to a top-level block or it belongs to a sub-block and the hierarchy of this sub-block is preserved.
WARNING:Xst:647 - Input <cclk> is never used. This port will be preserved and left unconnected if it belongs to a top-level block or it belongs to a sub-block and the hierarchy of this sub-block is preserved.
WARNING:Xst:647 - Input <spi_ss> is never used. This port will be preserved and left unconnected if it belongs to a top-level block or it belongs to a sub-block and the hierarchy of this sub-block is preserved.
WARNING:Xst:647 - Input <spi_mosi> is never used. This port will be preserved and left unconnected if it belongs to a top-level block or it belongs to a sub-block and the hierarchy of this sub-block is preserved.
WARNING:Xst:647 - Input <spi_sck> is never used. This port will be preserved and left unconnected if it belongs to a top-level block or it belongs to a sub-block and the hierarchy of this sub-block is preserved.
WARNING:Xst:647 - Input <avr_tx> is never used. This port will be preserved and left unconnected if it belongs to a top-level block or it belongs to a sub-block and the hierarchy of this sub-block is preserved.
WARNING:Xst:647 - Input <avr_rx_busy> is never used. This port will be preserved and left unconnected if it belongs to a top-level block or it belongs to a sub-block and the hierarchy of this sub-block is preserved.
INFO:Xst:3210 - "H:/Documents/alu_v2/work/planAhead/alu/alu.srcs/sources_1/imports/verilog/mojo_top_0.v" line 41: Output port <out> of the instance <reset_cond> is unconnected or connected to loadless signal.
    Found 1-bit tristate buffer for signal <spi_miso> created at line 64
    Found 1-bit tristate buffer for signal <spi_channel<3>> created at line 64
    Found 1-bit tristate buffer for signal <spi_channel<2>> created at line 64
    Found 1-bit tristate buffer for signal <spi_channel<1>> created at line 64
    Found 1-bit tristate buffer for signal <spi_channel<0>> created at line 64
    Found 1-bit tristate buffer for signal <avr_rx> created at line 64
    Summary:
	inferred   6 Tristate(s).
Unit <mojo_top_0> synthesized.

Synthesizing Unit <alu_2>.
    Related source file is "H:/Documents/alu_v2/work/planAhead/alu/alu.srcs/sources_1/imports/verilog/alu_2.v".
    Found 16-bit 4-to-1 multiplexer for signal <alu> created at line 63.
    Summary:
	inferred   1 Multiplexer(s).
Unit <alu_2> synthesized.

Synthesizing Unit <shifter_3>.
    Related source file is "H:/Documents/alu_v2/work/planAhead/alu/alu.srcs/sources_1/imports/verilog/shifter_3.v".
WARNING:Xst:647 - Input <alufn<5:2>> is never used. This port will be preserved and left unconnected if it belongs to a top-level block or it belongs to a sub-block and the hierarchy of this sub-block is preserved.
WARNING:Xst:647 - Input <b<15:4>> is never used. This port will be preserved and left unconnected if it belongs to a top-level block or it belongs to a sub-block and the hierarchy of this sub-block is preserved.
    Found 5-bit subtractor for signal <PWR_4_o_GND_4_o_sub_5_OUT> created at line 31.
    Found 16-bit shifter logical left for signal <a[15]_b[3]_shift_left_0_OUT> created at line 22
    Found 16-bit shifter arithmetic right for signal <a[15]_b[3]_shift_right_2_OUT> created at line 28
    Found 16-bit shifter logical right for signal <a[15]_b[3]_shift_right_3_OUT> created at line 31
    Found 16-bit shifter logical left for signal <a[15]_PWR_4_o_shift_left_5_OUT> created at line 31
    Found 16-bit 4-to-1 multiplexer for signal <a_out> created at line 20.
    Summary:
	inferred   1 Adder/Subtractor(s).
	inferred   2 Multiplexer(s).
	inferred   4 Combinational logic shifter(s).
Unit <shifter_3> synthesized.

Synthesizing Unit <adder_4>.
    Related source file is "H:/Documents/alu_v2/work/planAhead/alu/alu.srcs/sources_1/imports/verilog/adder_4.v".
WARNING:Xst:647 - Input <alufn<5:2>> is never used. This port will be preserved and left unconnected if it belongs to a top-level block or it belongs to a sub-block and the hierarchy of this sub-block is preserved.
    Found 16-bit subtractor for signal <a[15]_b[15]_sub_7_OUT> created at line 39.
    Found 16-bit adder for signal <a[15]_b[15]_add_1_OUT> created at line 28.
    Found 16x16-bit multiplier for signal <n0023> created at line 36.
    Found 16-bit 4-to-1 multiplexer for signal <sumt> created at line 25.
    Summary:
	inferred   1 Multiplier(s).
	inferred   2 Adder/Subtractor(s).
	inferred   1 Multiplexer(s).
Unit <adder_4> synthesized.

Synthesizing Unit <boole_5>.
    Related source file is "H:/Documents/alu_v2/work/planAhead/alu/alu.srcs/sources_1/imports/verilog/boole_5.v".
WARNING:Xst:647 - Input <alufn<5:4>> is never used. This port will be preserved and left unconnected if it belongs to a top-level block or it belongs to a sub-block and the hierarchy of this sub-block is preserved.
    Summary:
Unit <boole_5> synthesized.

Synthesizing Unit <compare_6>.
    Related source file is "H:/Documents/alu_v2/work/planAhead/alu/alu.srcs/sources_1/imports/verilog/compare_6.v".
WARNING:Xst:647 - Input <alufn<0:0>> is never used. This port will be preserved and left unconnected if it belongs to a top-level block or it belongs to a sub-block and the hierarchy of this sub-block is preserved.
WARNING:Xst:647 - Input <alufn<5:3>> is never used. This port will be preserved and left unconnected if it belongs to a top-level block or it belongs to a sub-block and the hierarchy of this sub-block is preserved.
    Found 1-bit 4-to-1 multiplexer for signal <cmp<0>> created at line 19.
    Summary:
	inferred   1 Multiplexer(s).
Unit <compare_6> synthesized.

=========================================================================
HDL Synthesis Report

Macro Statistics
# Multipliers                                          : 1
 16x16-bit multiplier                                  : 1
# Adders/Subtractors                                   : 3
 16-bit adder                                          : 1
 16-bit subtractor                                     : 1
 5-bit subtractor                                      : 1
# Multiplexers                                         : 5
 1-bit 4-to-1 multiplexer                              : 1
 16-bit 2-to-1 multiplexer                             : 1
 16-bit 4-to-1 multiplexer                             : 3
# Logic shifters                                       : 4
 16-bit shifter arithmetic right                       : 1
 16-bit shifter logical left                           : 2
 16-bit shifter logical right                          : 1
# Tristates                                            : 6
 1-bit tristate buffer                                 : 6
# Xors                                                 : 3
 1-bit xor2                                            : 2
 16-bit xor2                                           : 1

=========================================================================

=========================================================================
*                       Advanced HDL Synthesis                          *
=========================================================================


=========================================================================
Advanced HDL Synthesis Report

Macro Statistics
# Multipliers                                          : 1
 16x16-bit multiplier                                  : 1
# Adders/Subtractors                                   : 3
 16-bit adder                                          : 1
 16-bit subtractor                                     : 1
 5-bit subtractor                                      : 1
# Multiplexers                                         : 5
 1-bit 4-to-1 multiplexer                              : 1
 16-bit 2-to-1 multiplexer                             : 1
 16-bit 4-to-1 multiplexer                             : 3
# Logic shifters                                       : 4
 16-bit shifter arithmetic right                       : 1
 16-bit shifter logical left                           : 2
 16-bit shifter logical right                          : 1
# Xors                                                 : 3
 1-bit xor2                                            : 2
 16-bit xor2                                           : 1

=========================================================================

=========================================================================
*                         Low Level Synthesis                           *
=========================================================================

Optimizing unit <mojo_top_0> ...

Optimizing unit <shifter_3> ...

Optimizing unit <adder_4> ...

Mapping all equations...
Building and optimizing final netlist ...
Found area constraint ratio of 100 (+ 0) on block mojo_top_0, actual ratio is 4.

Final Macro Processing ...

=========================================================================
Final Register Report

Found no macro
=========================================================================

=========================================================================
*                           Partition Report                            *
=========================================================================

Partition Implementation Status
-------------------------------

  No Partitions were found in this design.

-------------------------------

=========================================================================
*                            Design Summary                             *
=========================================================================

Clock Information:
------------------
No clock signals found in this design

Asynchronous Control Signals Information:
----------------------------------------
No asynchronous control signals found in this design

Timing Summary:
---------------
Speed Grade: -2

   Minimum period: No path found
   Minimum input arrival time before clock: No path found
   Maximum output required time after clock: No path found
   Maximum combinational path delay: 16.129ns

=========================================================================
